<?xml version="1.0" encoding="UTF-8"?>
<!-- Generated by org.testng.reporters.JUnitReportReporter -->
<testsuite skipped="0" hostname="DESKTOP-H779KVK" name="com.practice.Testuserdir" tests="1" failures="0" timestamp="2020-02-29T17:40:43 EST" time="0.014" errors="0">
  <testcase name="test" time="0.014" classname="com.practice.Testuserdir"/>
</testsuite> <!-- com.practice.Testuserdir -->
